 4aaee237-1dc5-41e6-9f30-b01919362050 9:50:05 PM: debug getChildDevices(true), children=8
4aaee237-1dc5-41e6-9f30-b01919362050 9:44:53 PM: debug getChildDevices(true), children=8
4aaee237-1dc5-41e6-9f30-b01919362050 9:40:00 PM: debug getChildDevices(true), children=8
4aaee237-1dc5-41e6-9f30-b01919362050 9:36:00 PM: trace Scheduling 'toggleScheduleValve6' for InstalledSmartApp: 4aaee237-1dc5-41e6-9f30-b01919362050
4aaee237-1dc5-41e6-9f30-b01919362050 9:36:00 PM: trace Deleting scheduled job 'toggleScheduleValve6' for InstalledSmartApp: 4aaee237-1dc5-41e6-9f30-b01919362050
4aaee237-1dc5-41e6-9f30-b01919362050 9:36:00 PM: debug Scheduling off for 6
4aaee237-1dc5-41e6-9f30-b01919362050 9:36:00 PM: debug Scheduling off for 6 in 300
4aaee237-1dc5-41e6-9f30-b01919362050 9:36:00 PM: debug Setting device to state 1
4aaee237-1dc5-41e6-9f30-b01919362050 9:36:00 PM: debug Zone 6 set to status true
4aaee237-1dc5-41e6-9f30-b01919362050 9:36:00 PM: debug Zone toggle response 200
4aaee237-1dc5-41e6-9f30-b01919362050 9:35:57 PM: debug Turning on zone 6
4aaee237-1dc5-41e6-9f30-b01919362050 9:35:53 PM: debug Sending push to start watering the lawn true 6
4aaee237-1dc5-41e6-9f30-b01919362050 9:35:53 PM: debug Updating to status 3 SprinklerZone|8
4aaee237-1dc5-41e6-9f30-b01919362050 9:35:53 PM: debug 2
4aaee237-1dc5-41e6-9f30-b01919362050 9:35:53 PM: debug 8
4aaee237-1dc5-41e6-9f30-b01919362050 9:35:53 PM: debug Start looping through scheduled zones
4aaee237-1dc5-41e6-9f30-b01919362050 9:35:53 PM: debug 0
4aaee237-1dc5-41e6-9f30-b01919362050 9:35:53 PM: debug 5
4aaee237-1dc5-41e6-9f30-b01919362050 9:35:53 PM: debug Start looping through scheduled zones
4aaee237-1dc5-41e6-9f30-b01919362050 9:35:53 PM: debug Updating to status 3 SprinklerZone|6
4aaee237-1dc5-41e6-9f30-b01919362050 9:35:53 PM: debug 5
4aaee237-1dc5-41e6-9f30-b01919362050 9:35:53 PM: debug 6
4aaee237-1dc5-41e6-9f30-b01919362050 9:35:53 PM: debug Start looping through scheduled zones
4aaee237-1dc5-41e6-9f30-b01919362050 9:35:53 PM: debug 0
4aaee237-1dc5-41e6-9f30-b01919362050 9:35:53 PM: debug 4
4aaee237-1dc5-41e6-9f30-b01919362050 9:35:53 PM: debug Start looping through scheduled zones
4aaee237-1dc5-41e6-9f30-b01919362050 9:35:53 PM: debug Updating to status 3 SprinklerZone|7
4aaee237-1dc5-41e6-9f30-b01919362050 9:35:53 PM: debug 5
4aaee237-1dc5-41e6-9f30-b01919362050 9:35:53 PM: debug 7
4aaee237-1dc5-41e6-9f30-b01919362050 9:35:53 PM: debug Start looping through scheduled zones
4aaee237-1dc5-41e6-9f30-b01919362050 9:35:53 PM: debug 0
4aaee237-1dc5-41e6-9f30-b01919362050 9:35:53 PM: debug 3
4aaee237-1dc5-41e6-9f30-b01919362050 9:35:53 PM: debug Start looping through scheduled zones
4aaee237-1dc5-41e6-9f30-b01919362050 9:35:53 PM: debug 0
4aaee237-1dc5-41e6-9f30-b01919362050 9:35:53 PM: debug 2
4aaee237-1dc5-41e6-9f30-b01919362050 9:35:53 PM: debug Start looping through scheduled zones
4aaee237-1dc5-41e6-9f30-b01919362050 9:35:53 PM: debug 0
4aaee237-1dc5-41e6-9f30-b01919362050 9:35:53 PM: debug 1
4aaee237-1dc5-41e6-9f30-b01919362050 9:35:53 PM: debug Start looping through scheduled zones
4aaee237-1dc5-41e6-9f30-b01919362050 9:35:53 PM: debug getChildDevices(true), children=8
4aaee237-1dc5-41e6-9f30-b01919362050 9:35:53 PM: info Checking today's percipitation for 32256: 0.0 in
4aaee237-1dc5-41e6-9f30-b01919362050 9:35:53 PM: debug 0.02
4aaee237-1dc5-41e6-9f30-b01919362050 9:35:53 PM: info Checking yesterday's percipitation for 32256: 0.02 in
4aaee237-1dc5-41e6-9f30-b01919362050 9:35:52 PM: debug Start yesterday
4aaee237-1dc5-41e6-9f30-b01919362050 9:35:52 PM: debug Start check
4aaee237-1dc5-41e6-9f30-b01919362050 9:35:52 PM: trace Rain8Net Poller is attempting to unsubscribe from all events
4aaee237-1dc5-41e6-9f30-b01919362050 9:35:52 PM: debug Starting to execute schedule 6 and state of false
4aaee237-1dc5-41e6-9f30-b01919362050 9:35:52 PM: debug Starting to execute schedule 5 and state of false
4aaee237-1dc5-41e6-9f30-b01919362050 9:35:52 PM: debug Starting to execute schedule 4 and state of false
4aaee237-1dc5-41e6-9f30-b01919362050 9:35:51 PM: debug Starting to execute schedule 3 and state of false
4aaee237-1dc5-41e6-9f30-b01919362050 9:35:51 PM: debug Starting to execute schedule 2 and state of false
4aaee237-1dc5-41e6-9f30-b01919362050 9:35:51 PM: debug Starting to execute schedule 1 and state of false
4aaee237-1dc5-41e6-9f30-b01919362050 9:37:56 PM: error java.lang.NullPointerException: Cannot invoke method multiply() on null object @ line 285
4aaee237-1dc5-41e6-9f30-b01919362050 9:37:56 PM: debug Starting to execute schedule 0 and state of true
4aaee237-1dc5-41e6-9f30-b01919362050 9:37:56 PM: debug Resuming watering 0
4aaee237-1dc5-41e6-9f30-b01919362050 9:37:56 PM: error java.lang.NullPointerException: Cannot invoke method multiply() on null object @ line 285
4aaee237-1dc5-41e6-9f30-b01919362050 9:37:56 PM: debug Starting to execute schedule 0 and state of true
4aaee237-1dc5-41e6-9f30-b01919362050 9:37:56 PM: debug Resuming watering 0
4aaee237-1dc5-41e6-9f30-b01919362050 9:37:55 PM: error java.lang.NullPointerException: Cannot invoke method multiply() on null object @ line 285
4aaee237-1dc5-41e6-9f30-b01919362050 9:37:55 PM: debug Starting to execute schedule 0 and state of true
4aaee237-1dc5-41e6-9f30-b01919362050 9:37:55 PM: debug Resuming watering 0
4aaee237-1dc5-41e6-9f30-b01919362050 9:34:54 PM: debug getChildDevices(true), children=8
4aaee237-1dc5-41e6-9f30-b01919362050 9:34:13 PM: trace Scheduling 'executeSchedule' for InstalledSmartApp: 4aaee237-1dc5-41e6-9f30-b01919362050
4aaee237-1dc5-41e6-9f30-b01919362050 9:34:13 PM: trace Scheduling 'getZoneStatus' for InstalledSmartApp: 4aaee237-1dc5-41e6-9f30-b01919362050
4aaee237-1dc5-41e6-9f30-b01919362050 9:34:13 PM: trace Deleting scheduled job 'executeSchedule' for InstalledSmartApp: 4aaee237-1dc5-41e6-9f30-b01919362050
4aaee237-1dc5-41e6-9f30-b01919362050 9:34:13 PM: trace Deleting scheduled job 'getZoneStatus' for InstalledSmartApp: 4aaee237-1dc5-41e6-9f30-b01919362050
4aaee237-1dc5-41e6-9f30-b01919362050 9:34:13 PM: trace Rain8Net Poller is attempting to unsubscribe from all events
4aaee237-1dc5-41e6-9f30-b01919362050 9:34:13 PM: trace Deleting all scheduled jobs for InstalledSmartApp: 4aaee237-1dc5-41e6-9f30-b01919362050
4aaee237-1dc5-41e6-9f30-b01919362050 9:34:12 PM: debug getChildDevices(true), children=8
4aaee237-1dc5-41e6-9f30-b01919362050 9:34:12 PM: debug Updated with settings: [username:admin, password:*****, server:98.231.16.25, port:8082, polling:5, z1name:Front Lawn, z1duration:0, z2name:Shrubs, z2duration:0, z3name:Right Side, z3duration:0, z4name:Left Back Grass, z4duration:0, z5name:Left Grass And Rear, z5duration:0, z6name:None, z6duration:5, z7name:None, z7duration:5, z8name:None, z8duration:2, days:[Tuesday, Wednesday, Saturday, Thursday, Monday, Friday, Sunday], waterTime:2015-03-25T21:36:00.000-0400, notifySchedule:false, notifyFail:false, zipcode:32256, isYesterdaysRainEnabled:true, isTodaysRainEnabled:true, isForecastRainEnabled:false, contact:[Back Door, Front Door], inhibitDuration:10, waterDays:[Thursday, Tuesday], Days:[Thursday, Sunday]] 
